Compilación iniciada a las 04/04/2014 0:21:01.
     1>Proyecto "D:\Repositorios\GitHub\P1\UF2\Ejercicios\2 - Anemia\Anemia\Anemia.vcxproj" en el nodo 2 (build destinos).
     1>InitializeBuildStatus:
         Se creará "Debug\Anemia.unsuccessfulbuild" porque se especificó "AlwaysCreate".
       ClCompile:
         C:\Program Files (x86)\Microsoft Visual Studio 10.0\VC\bin\CL.exe /c /ZI /nologo /W3 /WX- /Od /Oy- /D WIN32 /D _DEBUG /D _CONSOLE /D _UNICODE /D UNICODE /Gm /EHsc /RTC1 /MDd /GS /fp:precise /Zc:wchar_t /Zc:forScope /Fo"Debug\\" /Fd"Debug\vc100.pdb" /Gd /TP /analyze- /errorReport:prompt Anemia.cpp
         Anemia.cpp
     1>d:\repositorios\github\p1\uf2\ejercicios\2 - anemia\anemia\anemia.cpp(140): warning C4996: 'scanf': This function or variable may be unsafe. Consider using scanf_s instead. To disable deprecation, use _CRT_SECURE_NO_WARNINGS. See online help for details.
                 c:\program files (x86)\microsoft visual studio 10.0\vc\include\stdio.h(304) : vea la declaración de 'scanf'
     1>d:\repositorios\github\p1\uf2\ejercicios\2 - anemia\anemia\anemia.cpp(156): warning C4996: 'scanf': This function or variable may be unsafe. Consider using scanf_s instead. To disable deprecation, use _CRT_SECURE_NO_WARNINGS. See online help for details.
                 c:\program files (x86)\microsoft visual studio 10.0\vc\include\stdio.h(304) : vea la declaración de 'scanf'
     1>d:\repositorios\github\p1\uf2\ejercicios\2 - anemia\anemia\anemia.cpp(159): warning C4305: 'argumento' : truncamiento de 'bool *' a 'bool'
     1>d:\repositorios\github\p1\uf2\ejercicios\2 - anemia\anemia\anemia.cpp(159): warning C4800: 'bool *' : forzando el valor a bool 'true' o 'false' (advertencia de rendimiento)
       Link:
         C:\Program Files (x86)\Microsoft Visual Studio 10.0\VC\bin\link.exe /ERRORREPORT:PROMPT /OUT:"D:\Repositorios\GitHub\P1\UF2\Ejercicios\2 - Anemia\Debug\Anemia.exe" /INCREMENTAL:NO /NOLOGO kernel32.lib user32.lib gdi32.lib winspool.lib comdlg32.lib advapi32.lib shell32.lib ole32.lib oleaut32.lib uuid.lib odbc32.lib odbccp32.lib /MANIFEST /ManifestFile:"Debug\Anemia.exe.intermediate.manifest" /MANIFESTUAC:"level='asInvoker' uiAccess='false'" /DEBUG /PDB:"D:\Repositorios\GitHub\P1\UF2\Ejercicios\2 - Anemia\Debug\Anemia.pdb" /SUBSYSTEM:CONSOLE /TLBID:1 /DYNAMICBASE /NXCOMPAT /IMPLIB:"D:\Repositorios\GitHub\P1\UF2\Ejercicios\2 - Anemia\Debug\Anemia.lib" /MACHINE:X86 Debug\Anemia.obj
     1>Anemia.obj : warning LNK4075: se omite '/EDITANDCONTINUE' debido a la especificación '/INCREMENTAL:NO'
         Anemia.vcxproj -> D:\Repositorios\GitHub\P1\UF2\Ejercicios\2 - Anemia\Debug\Anemia.exe
       Manifest:
         C:\Program Files (x86)\Microsoft SDKs\Windows\v7.0A\bin\mt.exe /nologo /verbose /outputresource:"D:\Repositorios\GitHub\P1\UF2\Ejercicios\2 - Anemia\Debug\Anemia.exe;#1" /manifest Debug\Anemia.exe.intermediate.manifest
       FinalizeBuildStatus:
         Se eliminará el archivo "Debug\Anemia.unsuccessfulbuild".
         Aplicando tarea Touch a "Debug\Anemia.lastbuildstate".
     1>Compilación del proyecto terminada "D:\Repositorios\GitHub\P1\UF2\Ejercicios\2 - Anemia\Anemia\Anemia.vcxproj" (build destinos).

Compilación correcta.

Tiempo transcurrido 00:00:00.87
